<?xml version="1.0" encoding="UTF-8"?>
<!-- Generated by org.testng.reporters.JUnitReportReporter -->
<testsuite hostname="Naresh" failures="0" tests="1" name="testCases.TC0004_SearchByConsultant" time="4.029" errors="0" timestamp="2025-05-06T15:04:37 GMT-04:00" skipped="0">
  <testcase classname="testCases.TC0004_SearchByConsultant" name="verifySearchWithValidConsultant" time="4.029"/>
  <system-out/>
</testsuite> <!-- testCases.TC0004_SearchByConsultant -->
