<?xml version="1.0" encoding="UTF-8"?>
<!-- Generated by org.testng.reporters.JUnitReportReporter -->
<testsuite hostname="Naresh" failures="0" tests="1" name="testCases.TC_LoginTest" time="4.625" errors="0" timestamp="2025-05-12T12:04:48 GMT-04:00" skipped="0">
  <testcase classname="testCases.TC_LoginTest" name="verify_user_login" time="4.625"/>
  <system-out/>
</testsuite> <!-- testCases.TC_LoginTest -->
