<?xml version="1.0" encoding="UTF-8"?>
<!-- Generated by org.testng.reporters.JUnitReportReporter -->
<testsuite hostname="Naresh" failures="0" tests="1" name="testCases.TC0004_SearchByConsultant" time="5.574" errors="0" timestamp="2025-05-12T12:04:48 GMT-04:00" skipped="0">
  <testcase classname="testCases.TC0004_SearchByConsultant" name="verifySearchWithValidConsultant" time="5.574"/>
  <system-out/>
</testsuite> <!-- testCases.TC0004_SearchByConsultant -->
